c:\users\destr\onedrive\documents\github\cplusplus\game\game\debug\vc140.pdb
c:\users\destr\onedrive\documents\github\cplusplus\game\game\debug\vc140.idb
c:\users\destr\onedrive\documents\github\cplusplus\game\game\debug\plan.obj
c:\users\destr\onedrive\documents\github\cplusplus\game\game\debug\armor.obj
c:\users\destr\onedrive\documents\github\cplusplus\game\game\debug\entity.obj
c:\users\destr\onedrive\documents\github\cplusplus\game\game\debug\items.obj
c:\users\destr\onedrive\documents\github\cplusplus\game\game\debug\material.obj
c:\users\destr\onedrive\documents\github\cplusplus\game\game\debug\main.obj
c:\users\destr\onedrive\documents\github\cplusplus\game\game\debug\mechanics.obj
c:\users\destr\onedrive\documents\github\cplusplus\game\game\debug\quests.obj
c:\users\destr\onedrive\documents\github\cplusplus\game\game\debug\race.obj
c:\users\destr\onedrive\documents\github\cplusplus\game\game\debug\skills.obj
c:\users\destr\onedrive\documents\github\cplusplus\game\game\debug\status.obj
c:\users\destr\onedrive\documents\github\cplusplus\game\game\debug\weapon.obj
c:\users\destr\onedrive\documents\github\cplusplus\game\game\debug\world.obj
c:\users\destr\onedrive\documents\github\cplusplus\game\debug\game.ilk
c:\users\destr\onedrive\documents\github\cplusplus\game\debug\game.exe
c:\users\destr\onedrive\documents\github\cplusplus\game\debug\game.pdb
c:\users\destr\onedrive\documents\github\cplusplus\game\game\debug\game.tlog\cl.command.1.tlog
c:\users\destr\onedrive\documents\github\cplusplus\game\game\debug\game.tlog\cl.read.1.tlog
c:\users\destr\onedrive\documents\github\cplusplus\game\game\debug\game.tlog\cl.write.1.tlog
c:\users\destr\onedrive\documents\github\cplusplus\game\game\debug\game.tlog\link.command.1.tlog
c:\users\destr\onedrive\documents\github\cplusplus\game\game\debug\game.tlog\link.read.1.tlog
c:\users\destr\onedrive\documents\github\cplusplus\game\game\debug\game.tlog\link.write.1.tlog
